0 info it worked if it ends with ok
1 verbose cli [ '/usr/bin/node', '/usr/bin/npm', 'start' ]
2 info using npm@3.10.10
3 info using node@v6.11.4
4 verbose run-script [ 'prestart', 'start', 'poststart' ]
5 info lifecycle blog@0.0.1~prestart: blog@0.0.1
6 silly lifecycle blog@0.0.1~prestart: no script for prestart, continuing
7 info lifecycle blog@0.0.1~start: blog@0.0.1
8 verbose lifecycle blog@0.0.1~start: unsafe-perm in lifecycle true
9 verbose lifecycle blog@0.0.1~start: PATH: /usr/lib/node_modules/npm/bin/node-gyp-bin:/home/alexey/17/university/web/blog/node_modules/.bin:/home/alexey/.rbenv/shims:/home/alexey/.rbenv/bin:/home/alexey/Qt/5.9.1/gcc_64/bin:/home/alexey/Qt/5.9/gcc_64/bin:/usr/local/sbin:/usr/local/bin:/usr/sbin:/usr/bin:/sbin:/bin:/usr/games:/usr/local/games:/usr/local/go/bin:/bin:/bin
10 verbose lifecycle blog@0.0.1~start: CWD: /home/alexey/17/university/web/blog
11 silly lifecycle blog@0.0.1~start: Args: [ '-c', 'node app.js' ]
12 silly lifecycle blog@0.0.1~start: Returned: code: 1  signal: null
13 info lifecycle blog@0.0.1~start: Failed to exec start script
14 verbose stack Error: blog@0.0.1 start: `node app.js`
14 verbose stack Exit status 1
14 verbose stack     at EventEmitter.<anonymous> (/usr/lib/node_modules/npm/lib/utils/lifecycle.js:255:16)
14 verbose stack     at emitTwo (events.js:106:13)
14 verbose stack     at EventEmitter.emit (events.js:191:7)
14 verbose stack     at ChildProcess.<anonymous> (/usr/lib/node_modules/npm/lib/utils/spawn.js:40:14)
14 verbose stack     at emitTwo (events.js:106:13)
14 verbose stack     at ChildProcess.emit (events.js:191:7)
14 verbose stack     at maybeClose (internal/child_process.js:920:16)
14 verbose stack     at Process.ChildProcess._handle.onexit (internal/child_process.js:230:5)
15 verbose pkgid blog@0.0.1
16 verbose cwd /home/alexey/17/university/web/blog
17 error Linux 4.4.0-97-generic
18 error argv "/usr/bin/node" "/usr/bin/npm" "start"
19 error node v6.11.4
20 error npm  v3.10.10
21 error code ELIFECYCLE
22 error blog@0.0.1 start: `node app.js`
22 error Exit status 1
23 error Failed at the blog@0.0.1 start script 'node app.js'.
23 error Make sure you have the latest version of node.js and npm installed.
23 error If you do, this is most likely a problem with the blog package,
23 error not with npm itself.
23 error Tell the author that this fails on your system:
23 error     node app.js
23 error You can get information on how to open an issue for this project with:
23 error     npm bugs blog
23 error Or if that isn't available, you can get their info via:
23 error     npm owner ls blog
23 error There is likely additional logging output above.
24 verbose exit [ 1, true ]
